mode: set
hw3/sexpr/eval.go:17.49,19.2 1 1
hw3/sexpr/eval.go:21.47,22.18 1 1
hw3/sexpr/eval.go:25.2,25.23 1 1
hw3/sexpr/eval.go:37.2,37.19 1 1
hw3/sexpr/eval.go:22.18,24.3 1 1
hw3/sexpr/eval.go:25.23,26.58 1 1
hw3/sexpr/eval.go:26.58,28.4 1 1
hw3/sexpr/eval.go:28.9,31.21 2 1
hw3/sexpr/eval.go:34.4,34.26 1 1
hw3/sexpr/eval.go:31.21,33.5 1 1
hw3/sexpr/eval.go:40.48,43.16 2 1
hw3/sexpr/eval.go:46.2,46.21 1 1
hw3/sexpr/eval.go:57.2,57.21 1 1
hw3/sexpr/eval.go:43.16,45.3 1 1
hw3/sexpr/eval.go:46.21,47.39 1 1
hw3/sexpr/eval.go:47.39,49.4 1 1
hw3/sexpr/eval.go:49.9,51.21 2 1
hw3/sexpr/eval.go:54.4,54.56 1 1
hw3/sexpr/eval.go:51.21,53.5 1 1
hw3/sexpr/eval.go:60.52,63.16 2 1
hw3/sexpr/eval.go:66.2,66.21 1 1
hw3/sexpr/eval.go:77.2,77.21 1 1
hw3/sexpr/eval.go:63.16,65.3 1 1
hw3/sexpr/eval.go:66.21,67.39 1 1
hw3/sexpr/eval.go:67.39,69.4 1 1
hw3/sexpr/eval.go:69.9,71.21 2 1
hw3/sexpr/eval.go:74.4,74.56 1 1
hw3/sexpr/eval.go:71.21,73.5 1 1
hw3/sexpr/eval.go:80.43,82.34 1 1
hw3/sexpr/eval.go:82.34,84.3 1 1
hw3/sexpr/eval.go:84.8,84.26 1 1
hw3/sexpr/eval.go:84.26,86.22 1 1
hw3/sexpr/eval.go:89.3,89.22 1 1
hw3/sexpr/eval.go:86.22,88.4 1 1
hw3/sexpr/eval.go:90.8,94.26 2 1
hw3/sexpr/eval.go:94.26,98.22 2 1
hw3/sexpr/eval.go:99.22,100.20 1 1
hw3/sexpr/eval.go:106.5,106.29 1 1
hw3/sexpr/eval.go:107.15,108.20 1 1
hw3/sexpr/eval.go:115.5,116.26 2 1
hw3/sexpr/eval.go:119.5,119.49 1 1
hw3/sexpr/eval.go:122.5,122.24 1 1
hw3/sexpr/eval.go:123.15,124.20 1 1
hw3/sexpr/eval.go:131.5,132.26 2 1
hw3/sexpr/eval.go:135.5,135.49 1 1
hw3/sexpr/eval.go:138.5,138.24 1 1
hw3/sexpr/eval.go:139.16,140.20 1 1
hw3/sexpr/eval.go:143.5,144.24 2 1
hw3/sexpr/eval.go:147.5,148.24 2 1
hw3/sexpr/eval.go:151.5,151.49 1 1
hw3/sexpr/eval.go:152.18,153.20 1 1
hw3/sexpr/eval.go:156.5,157.26 2 1
hw3/sexpr/eval.go:160.5,160.30 1 1
hw3/sexpr/eval.go:166.5,167.22 2 1
hw3/sexpr/eval.go:170.5,170.45 1 1
hw3/sexpr/eval.go:171.16,172.20 1 1
hw3/sexpr/eval.go:175.5,176.26 2 1
hw3/sexpr/eval.go:179.5,179.25 1 1
hw3/sexpr/eval.go:182.5,182.24 1 1
hw3/sexpr/eval.go:183.17,184.20 1 1
hw3/sexpr/eval.go:191.5,192.26 2 1
hw3/sexpr/eval.go:195.5,195.29 1 1
hw3/sexpr/eval.go:198.5,198.24 1 1
hw3/sexpr/eval.go:199.17,200.20 1 1
hw3/sexpr/eval.go:203.5,204.26 2 1
hw3/sexpr/eval.go:207.5,207.29 1 1
hw3/sexpr/eval.go:210.5,210.71 1 1
hw3/sexpr/eval.go:213.5,213.24 1 1
hw3/sexpr/eval.go:214.13,215.20 1 1
hw3/sexpr/eval.go:218.5,219.22 2 1
hw3/sexpr/eval.go:222.5,222.33 1 1
hw3/sexpr/eval.go:223.13,224.20 1 1
hw3/sexpr/eval.go:227.5,228.22 2 1
hw3/sexpr/eval.go:231.5,231.33 1 1
hw3/sexpr/eval.go:232.12,233.24 1 1
hw3/sexpr/eval.go:100.20,102.6 1 1
hw3/sexpr/eval.go:108.20,110.6 1 1
hw3/sexpr/eval.go:116.26,118.6 1 1
hw3/sexpr/eval.go:119.49,121.6 1 1
hw3/sexpr/eval.go:124.20,126.6 1 1
hw3/sexpr/eval.go:132.26,134.6 1 1
hw3/sexpr/eval.go:135.49,137.6 1 1
hw3/sexpr/eval.go:140.20,142.6 1 1
hw3/sexpr/eval.go:144.24,146.6 1 1
hw3/sexpr/eval.go:148.24,150.6 1 1
hw3/sexpr/eval.go:153.20,155.6 1 1
hw3/sexpr/eval.go:157.26,159.6 1 1
hw3/sexpr/eval.go:160.30,162.6 1 1
hw3/sexpr/eval.go:167.22,169.6 1 1
hw3/sexpr/eval.go:172.20,174.6 1 1
hw3/sexpr/eval.go:176.26,178.6 1 1
hw3/sexpr/eval.go:179.25,181.6 1 1
hw3/sexpr/eval.go:184.20,186.6 1 1
hw3/sexpr/eval.go:192.26,194.6 1 1
hw3/sexpr/eval.go:195.29,197.6 1 1
hw3/sexpr/eval.go:200.20,202.6 1 1
hw3/sexpr/eval.go:204.26,206.6 1 1
hw3/sexpr/eval.go:207.29,209.6 1 1
hw3/sexpr/eval.go:210.71,212.6 1 1
hw3/sexpr/eval.go:215.20,217.6 1 1
hw3/sexpr/eval.go:219.22,221.6 1 1
hw3/sexpr/eval.go:224.20,226.6 1 1
hw3/sexpr/eval.go:228.22,230.6 1 1
hw3/sexpr/eval.go:235.9,238.4 1 1
hw3/sexpr/lexer.go:43.41,49.2 1 1
hw3/sexpr/lexer.go:51.35,52.28 1 1
hw3/sexpr/lexer.go:55.2,55.39 1 1
hw3/sexpr/lexer.go:52.28,54.3 1 1
hw3/sexpr/lexer.go:66.36,70.2 1 1
hw3/sexpr/lexer.go:74.52,76.16 2 1
hw3/sexpr/lexer.go:85.2,85.12 1 1
hw3/sexpr/lexer.go:76.16,77.25 1 1
hw3/sexpr/lexer.go:77.25,81.4 2 1
hw3/sexpr/lexer.go:81.9,83.4 1 1
hw3/sexpr/lexer.go:88.26,90.2 1 1
hw3/sexpr/lexer.go:92.27,94.2 1 1
hw3/sexpr/lexer.go:96.27,98.2 1 1
hw3/sexpr/lexer.go:100.26,102.2 1 1
hw3/sexpr/lexer.go:104.28,106.2 1 1
hw3/sexpr/lexer.go:108.43,110.2 1 1
hw3/sexpr/lexer.go:112.43,114.2 1 1
hw3/sexpr/lexer.go:116.40,117.6 1 1
hw3/sexpr/lexer.go:117.6,119.10 2 1
hw3/sexpr/lexer.go:120.19,120.19 0 1
hw3/sexpr/lexer.go:122.21,123.28 1 1
hw3/sexpr/lexer.go:125.17,126.29 1 1
hw3/sexpr/lexer.go:128.17,129.29 1 1
hw3/sexpr/lexer.go:131.17,132.28 1 1
hw3/sexpr/lexer.go:134.18,135.30 1 1
hw3/sexpr/lexer.go:137.11,143.56 3 1
hw3/sexpr/lexer.go:148.4,148.28 1 1
hw3/sexpr/lexer.go:152.4,152.38 1 1
hw3/sexpr/lexer.go:143.56,145.5 1 1
hw3/sexpr/lexer.go:148.28,150.5 1 1
hw3/sexpr/lexer.go:159.29,160.15 1 1
hw3/sexpr/lexer.go:164.2,165.19 2 1
hw3/sexpr/lexer.go:168.2,169.10 2 1
hw3/sexpr/lexer.go:160.15,163.3 2 1
hw3/sexpr/lexer.go:165.19,167.3 1 1
hw3/sexpr/lexer.go:172.54,174.6 2 1
hw3/sexpr/lexer.go:174.6,177.19 3 1
hw3/sexpr/lexer.go:180.3,180.16 1 1
hw3/sexpr/lexer.go:177.19,179.4 1 1
hw3/sexpr/lexer.go:180.16,183.4 2 1
hw3/sexpr/lexer.go:187.30,190.2 2 1
hw3/sexpr/lexer.go:192.27,194.2 1 1
hw3/sexpr/lexer.go:196.36,198.2 1 1
hw3/sexpr/lexer.go:200.28,202.2 1 1
hw3/sexpr/parser.go:28.50,29.32 1 1
hw3/sexpr/parser.go:33.2,34.17 2 1
hw3/sexpr/parser.go:29.32,32.3 2 1
hw3/sexpr/parser.go:38.44,40.2 1 1
hw3/sexpr/parser.go:42.50,46.2 3 1
hw3/sexpr/parser.go:48.25,50.2 1 1
hw3/sexpr/parser.go:52.58,54.21 1 1
hw3/sexpr/parser.go:57.2,60.16 3 1
hw3/sexpr/parser.go:64.2,64.74 1 1
hw3/sexpr/parser.go:68.2,68.21 1 1
hw3/sexpr/parser.go:54.21,56.3 1 1
hw3/sexpr/parser.go:60.16,62.3 1 1
hw3/sexpr/parser.go:64.74,66.3 1 1
hw3/sexpr/parser.go:71.48,76.20 4 1
hw3/sexpr/parser.go:112.2,112.21 1 1
hw3/sexpr/parser.go:78.19,81.16 2 1
hw3/sexpr/parser.go:83.19,87.16 2 1
hw3/sexpr/parser.go:89.17,91.17 2 1
hw3/sexpr/parser.go:95.17,97.22 2 1
hw3/sexpr/parser.go:98.18,104.17 5 1
hw3/sexpr/parser.go:108.16,109.24 1 1
hw3/sexpr/parser.go:91.17,93.4 1 1
hw3/sexpr/parser.go:104.17,106.4 1 1
hw3/sexpr/parser.go:115.47,120.16 4 1
hw3/sexpr/parser.go:124.2,126.22 2 1
hw3/sexpr/parser.go:120.16,122.3 1 1
hw3/sexpr/parser.go:129.48,132.26 2 1
hw3/sexpr/parser.go:146.2,147.16 2 1
hw3/sexpr/parser.go:151.2,152.16 2 1
hw3/sexpr/parser.go:156.2,156.38 1 1
hw3/sexpr/parser.go:132.26,134.3 1 1
hw3/sexpr/parser.go:134.8,134.34 1 1
hw3/sexpr/parser.go:134.34,136.3 1 1
hw3/sexpr/parser.go:136.8,136.33 1 1
hw3/sexpr/parser.go:136.33,139.17 3 1
hw3/sexpr/parser.go:143.3,143.22 1 1
hw3/sexpr/parser.go:139.17,141.4 1 1
hw3/sexpr/parser.go:147.16,149.3 1 1
hw3/sexpr/parser.go:152.16,154.3 1 1
hw3/sexpr/sexpr.go:54.21,56.2 1 1
hw3/sexpr/sexpr.go:60.33,62.2 1 1
hw3/sexpr/sexpr.go:67.32,69.2 1 1
hw3/sexpr/sexpr.go:72.34,75.2 1 1
hw3/sexpr/sexpr.go:80.36,82.2 1 1
hw3/sexpr/sexpr.go:84.36,86.2 1 1
hw3/sexpr/sexpr.go:91.34,93.2 1 1
hw3/sexpr/sexpr.go:95.36,97.2 1 1
hw3/sexpr/sexpr.go:100.28,102.2 1 1
hw3/sexpr/sexpr.go:108.41,110.2 1 1
hw3/sexpr/sexpr.go:113.38,116.2 1 1
hw3/sexpr/sexpr.go:121.41,122.9 1 1
hw3/sexpr/sexpr.go:123.20,124.15 1 1
hw3/sexpr/sexpr.go:125.21,126.28 1 1
hw3/sexpr/sexpr.go:127.10,128.82 1 1
