mode: set
hw4/unify/unify.go:47.78,50.16 2 1
hw4/unify/unify.go:50.16,52.17 2 1
hw4/unify/unify.go:52.17,54.29 1 1
hw4/unify/unify.go:60.4,60.22 1 1
hw4/unify/unify.go:54.29,55.32 1 1
hw4/unify/unify.go:55.32,58.6 1 1
hw4/unify/unify.go:61.9,63.4 1 1
hw4/unify/unify.go:64.8,66.3 1 1
hw4/unify/unify.go:69.73,70.43 1 1
hw4/unify/unify.go:77.2,77.26 1 1
hw4/unify/unify.go:80.2,80.26 1 1
hw4/unify/unify.go:85.2,85.22 1 1
hw4/unify/unify.go:70.43,72.3 1 1
hw4/unify/unify.go:72.8,74.3 1 1
hw4/unify/unify.go:77.26,79.3 1 1
hw4/unify/unify.go:80.26,82.3 1 1
hw4/unify/unify.go:85.22,86.33 1 1
hw4/unify/unify.go:93.3,93.18 1 1
hw4/unify/unify.go:86.33,88.4 1 1
hw4/unify/unify.go:88.9,91.4 2 1
hw4/unify/unify.go:98.54,103.2 4 1
hw4/unify/unify.go:106.81,109.16 3 1
hw4/unify/unify.go:109.16,111.17 2 1
hw4/unify/unify.go:111.17,112.29 1 1
hw4/unify/unify.go:112.29,114.25 2 1
hw4/unify/unify.go:114.25,116.6 1 1
hw4/unify/unify.go:123.83,137.20 7 1
hw4/unify/unify.go:137.20,140.3 1 1
hw4/unify/unify.go:140.8,141.135 1 1
hw4/unify/unify.go:141.135,143.4 1 1
hw4/unify/unify.go:143.9,143.146 1 1
hw4/unify/unify.go:143.146,145.4 1 1
hw4/unify/unify.go:145.9,145.166 1 1
hw4/unify/unify.go:145.166,154.92 5 1
hw4/unify/unify.go:158.4,158.34 1 1
hw4/unify/unify.go:162.4,162.18 1 1
hw4/unify/unify.go:154.92,156.5 1 1
hw4/unify/unify.go:158.34,160.5 1 1
hw4/unify/unify.go:162.18,165.38 2 1
hw4/unify/unify.go:171.5,171.22 1 1
hw4/unify/unify.go:165.38,167.20 2 1
hw4/unify/unify.go:167.20,169.7 1 1
hw4/unify/unify.go:172.10,175.5 1 1
hw4/unify/unify.go:176.9,179.4 2 1
hw4/unify/unify.go:183.75,187.28 3 1
hw4/unify/unify.go:194.2,194.20 1 1
hw4/unify/unify.go:197.2,197.10 1 1
hw4/unify/unify.go:202.2,202.55 1 1
hw4/unify/unify.go:217.2,219.66 2 1
hw4/unify/unify.go:230.2,230.19 1 1
hw4/unify/unify.go:187.28,188.73 1 1
hw4/unify/unify.go:188.73,190.4 1 1
hw4/unify/unify.go:190.9,192.4 1 1
hw4/unify/unify.go:194.20,196.3 1 1
hw4/unify/unify.go:197.10,198.19 1 1
hw4/unify/unify.go:198.19,200.4 1 1
hw4/unify/unify.go:202.55,205.38 3 1
hw4/unify/unify.go:212.3,212.23 1 1
hw4/unify/unify.go:205.38,208.31 3 1
hw4/unify/unify.go:208.31,210.5 1 1
hw4/unify/unify.go:219.66,220.15 1 1
hw4/unify/unify.go:220.15,221.66 1 1
hw4/unify/unify.go:221.66,223.5 1 1
hw4/unify/unify.go:223.10,223.75 1 1
hw4/unify/unify.go:223.75,225.5 1 1
hw4/unify/unify.go:225.10,227.5 1 1
hw4/unify/unify.go:233.74,238.35 3 1
hw4/unify/unify.go:251.2,251.19 1 1
hw4/unify/unify.go:238.35,241.42 2 1
hw4/unify/unify.go:241.42,243.4 1 1
hw4/unify/unify.go:244.8,246.42 2 1
hw4/unify/unify.go:246.42,248.4 1 1
hw4/unify/unify.go:255.27,267.2 1 1
hw4/unify/unify.go:269.41,271.16 2 1
hw4/unify/unify.go:271.16,273.3 1 1
hw4/unify/unify.go:273.8,275.25 2 1
hw4/unify/unify.go:282.3,282.13 1 1
hw4/unify/unify.go:275.25,276.34 1 1
hw4/unify/unify.go:276.34,278.5 1 1
hw4/unify/unify.go:278.10,280.5 1 1
hw4/unify/unify.go:286.53,287.22 1 1
hw4/unify/unify.go:292.2,292.14 1 1
hw4/unify/unify.go:287.22,288.16 1 1
hw4/unify/unify.go:288.16,290.4 1 1
